[1.246s] Invoking command in '/home/white/ros2_ws/src/autonomous_bicycle': PYTHONPATH=/home/white/ros2_ws/build/autonomous_bicycle/prefix_override:/home/white/ros2_ws/install/autonomous_bicycle/lib/python3.8/site-packages:${PYTHONPATH} /usr/bin/python3 setup.py egg_info --egg-base ../../build/autonomous_bicycle build --build-base /home/white/ros2_ws/build/autonomous_bicycle/build install --record /home/white/ros2_ws/build/autonomous_bicycle/install.log --install-scripts $base/lib/autonomous_bicycle --single-version-externally-managed
[1.766s] running egg_info
[1.767s] writing ../../build/autonomous_bicycle/autonomous_bicycle.egg-info/PKG-INFO
[1.767s] writing dependency_links to ../../build/autonomous_bicycle/autonomous_bicycle.egg-info/dependency_links.txt
[1.767s] writing entry points to ../../build/autonomous_bicycle/autonomous_bicycle.egg-info/entry_points.txt
[1.768s] writing requirements to ../../build/autonomous_bicycle/autonomous_bicycle.egg-info/requires.txt
[1.768s] writing top-level names to ../../build/autonomous_bicycle/autonomous_bicycle.egg-info/top_level.txt
[1.801s] reading manifest file '../../build/autonomous_bicycle/autonomous_bicycle.egg-info/SOURCES.txt'
[1.802s] writing manifest file '../../build/autonomous_bicycle/autonomous_bicycle.egg-info/SOURCES.txt'
[1.802s] running build
[1.802s] running build_py
[1.803s] copying autonomous_bicycle/first_node.py -> /home/white/ros2_ws/build/autonomous_bicycle/build/lib/autonomous_bicycle
[1.803s] running install
[1.804s] running install_lib
[1.805s] copying /home/white/ros2_ws/build/autonomous_bicycle/build/lib/autonomous_bicycle/first_node.py -> /home/white/ros2_ws/install/autonomous_bicycle/lib/python3.8/site-packages/autonomous_bicycle
[1.807s] byte-compiling /home/white/ros2_ws/install/autonomous_bicycle/lib/python3.8/site-packages/autonomous_bicycle/first_node.py to first_node.cpython-38.pyc
[1.808s] running install_data
[1.808s] running install_egg_info
[1.812s] removing '/home/white/ros2_ws/install/autonomous_bicycle/lib/python3.8/site-packages/autonomous_bicycle-0.0.0-py3.8.egg-info' (and everything under it)
[1.812s] Copying ../../build/autonomous_bicycle/autonomous_bicycle.egg-info to /home/white/ros2_ws/install/autonomous_bicycle/lib/python3.8/site-packages/autonomous_bicycle-0.0.0-py3.8.egg-info
[1.812s] running install_scripts
[1.836s] Installing test_node script to /home/white/ros2_ws/install/autonomous_bicycle/lib/autonomous_bicycle
[1.836s] writing list of installed files to '/home/white/ros2_ws/build/autonomous_bicycle/install.log'
[1.862s] Invoked command in '/home/white/ros2_ws/src/autonomous_bicycle' returned '0': PYTHONPATH=/home/white/ros2_ws/build/autonomous_bicycle/prefix_override:/home/white/ros2_ws/install/autonomous_bicycle/lib/python3.8/site-packages:${PYTHONPATH} /usr/bin/python3 setup.py egg_info --egg-base ../../build/autonomous_bicycle build --build-base /home/white/ros2_ws/build/autonomous_bicycle/build install --record /home/white/ros2_ws/build/autonomous_bicycle/install.log --install-scripts $base/lib/autonomous_bicycle --single-version-externally-managed
