[0.456s] DEBUG:colcon:Command line arguments: ['/usr/bin/colcon', 'build', '--packages-select', 'autonomous_bicycle']
[0.456s] DEBUG:colcon:Parsed command line arguments: Namespace(allow_overriding=[], ament_cmake_args=None, base_paths=['.'], build_base='build', catkin_cmake_args=None, catkin_skip_building_tests=False, cmake_args=None, cmake_clean_cache=False, cmake_clean_first=False, cmake_force_configure=False, cmake_target=None, cmake_target_skip_unavailable=False, continue_on_error=False, event_handlers=None, executor='parallel', ignore_user_meta=False, install_base='install', log_base=None, log_level=None, main=<bound method BuildVerb.main of <colcon_core.verb.build.BuildVerb object at 0x7fb5fa8070a0>>, merge_install=False, metas=['./colcon.meta'], packages_above=None, packages_above_and_dependencies=None, packages_above_depth=None, packages_end=None, packages_ignore=None, packages_ignore_regex=None, packages_select=['autonomous_bicycle'], packages_select_build_failed=False, packages_select_by_dep=None, packages_select_regex=None, packages_select_test_failures=False, packages_skip=None, packages_skip_build_finished=False, packages_skip_by_dep=None, packages_skip_regex=None, packages_skip_test_passed=False, packages_skip_up_to=None, packages_start=None, packages_up_to=None, packages_up_to_regex=None, parallel_workers=16, paths=None, symlink_install=False, test_result_base=None, verb_extension=<colcon_core.verb.build.BuildVerb object at 0x7fb5fa8070a0>, verb_name='build', verb_parser=<colcon_defaults.argument_parser.defaults.DefaultArgumentsDecorator object at 0x7fb5fa807550>)
[0.505s] Level 1:colcon.colcon_core.package_discovery:discover_packages(colcon_meta) check parameters
[0.505s] Level 1:colcon.colcon_core.package_discovery:discover_packages(recursive) check parameters
[0.505s] Level 1:colcon.colcon_core.package_discovery:discover_packages(ignore) check parameters
[0.505s] Level 1:colcon.colcon_core.package_discovery:discover_packages(path) check parameters
[0.505s] Level 1:colcon.colcon_core.package_discovery:discover_packages(colcon_meta) discover
[0.505s] Level 1:colcon.colcon_core.package_discovery:discover_packages(recursive) discover
[0.505s] INFO:colcon.colcon_core.package_discovery:Crawling recursively for packages in '/home/white/ros2_ws'
[0.505s] Level 1:colcon.colcon_core.package_identification:_identify(.) by extensions ['ignore', 'ignore_ament_install']
[0.505s] Level 1:colcon.colcon_core.package_identification:_identify(.) by extension 'ignore'
[0.505s] Level 1:colcon.colcon_core.package_identification:_identify(.) by extension 'ignore_ament_install'
[0.505s] Level 1:colcon.colcon_core.package_identification:_identify(.) by extensions ['colcon_pkg']
[0.505s] Level 1:colcon.colcon_core.package_identification:_identify(.) by extension 'colcon_pkg'
[0.505s] Level 1:colcon.colcon_core.package_identification:_identify(.) by extensions ['colcon_meta']
[0.505s] Level 1:colcon.colcon_core.package_identification:_identify(.) by extension 'colcon_meta'
[0.505s] Level 1:colcon.colcon_core.package_identification:_identify(.) by extensions ['ros']
[0.505s] Level 1:colcon.colcon_core.package_identification:_identify(.) by extension 'ros'
[0.515s] Level 1:colcon.colcon_core.package_identification:_identify(.) by extensions ['cmake', 'python']
[0.515s] Level 1:colcon.colcon_core.package_identification:_identify(.) by extension 'cmake'
[0.515s] Level 1:colcon.colcon_core.package_identification:_identify(.) by extension 'python'
[0.516s] Level 1:colcon.colcon_core.package_identification:_identify(.) by extensions ['python_setup_py']
[0.516s] Level 1:colcon.colcon_core.package_identification:_identify(.) by extension 'python_setup_py'
[0.516s] Level 1:colcon.colcon_core.package_identification:_identify(build) by extensions ['ignore', 'ignore_ament_install']
[0.516s] Level 1:colcon.colcon_core.package_identification:_identify(build) by extension 'ignore'
[0.516s] Level 1:colcon.colcon_core.package_identification:_identify(build) ignored
[0.516s] Level 1:colcon.colcon_core.package_identification:_identify(install) by extensions ['ignore', 'ignore_ament_install']
[0.516s] Level 1:colcon.colcon_core.package_identification:_identify(install) by extension 'ignore'
[0.516s] Level 1:colcon.colcon_core.package_identification:_identify(install) ignored
[0.516s] Level 1:colcon.colcon_core.package_identification:_identify(log) by extensions ['ignore', 'ignore_ament_install']
[0.516s] Level 1:colcon.colcon_core.package_identification:_identify(log) by extension 'ignore'
[0.516s] Level 1:colcon.colcon_core.package_identification:_identify(log) ignored
[0.516s] Level 1:colcon.colcon_core.package_identification:_identify(src) by extensions ['ignore', 'ignore_ament_install']
[0.516s] Level 1:colcon.colcon_core.package_identification:_identify(src) by extension 'ignore'
[0.516s] Level 1:colcon.colcon_core.package_identification:_identify(src) by extension 'ignore_ament_install'
[0.516s] Level 1:colcon.colcon_core.package_identification:_identify(src) by extensions ['colcon_pkg']
[0.516s] Level 1:colcon.colcon_core.package_identification:_identify(src) by extension 'colcon_pkg'
[0.516s] Level 1:colcon.colcon_core.package_identification:_identify(src) by extensions ['colcon_meta']
[0.516s] Level 1:colcon.colcon_core.package_identification:_identify(src) by extension 'colcon_meta'
[0.516s] Level 1:colcon.colcon_core.package_identification:_identify(src) by extensions ['ros']
[0.516s] Level 1:colcon.colcon_core.package_identification:_identify(src) by extension 'ros'
[0.516s] Level 1:colcon.colcon_core.package_identification:_identify(src) by extensions ['cmake', 'python']
[0.517s] Level 1:colcon.colcon_core.package_identification:_identify(src) by extension 'cmake'
[0.517s] Level 1:colcon.colcon_core.package_identification:_identify(src) by extension 'python'
[0.517s] Level 1:colcon.colcon_core.package_identification:_identify(src) by extensions ['python_setup_py']
[0.517s] Level 1:colcon.colcon_core.package_identification:_identify(src) by extension 'python_setup_py'
[0.517s] Level 1:colcon.colcon_core.package_identification:_identify(src/autonomous_bicycle) by extensions ['ignore', 'ignore_ament_install']
[0.517s] Level 1:colcon.colcon_core.package_identification:_identify(src/autonomous_bicycle) by extension 'ignore'
[0.517s] Level 1:colcon.colcon_core.package_identification:_identify(src/autonomous_bicycle) by extension 'ignore_ament_install'
[0.517s] Level 1:colcon.colcon_core.package_identification:_identify(src/autonomous_bicycle) by extensions ['colcon_pkg']
[0.517s] Level 1:colcon.colcon_core.package_identification:_identify(src/autonomous_bicycle) by extension 'colcon_pkg'
[0.517s] Level 1:colcon.colcon_core.package_identification:_identify(src/autonomous_bicycle) by extensions ['colcon_meta']
[0.517s] Level 1:colcon.colcon_core.package_identification:_identify(src/autonomous_bicycle) by extension 'colcon_meta'
[0.517s] Level 1:colcon.colcon_core.package_identification:_identify(src/autonomous_bicycle) by extensions ['ros']
[0.517s] Level 1:colcon.colcon_core.package_identification:_identify(src/autonomous_bicycle) by extension 'ros'
[0.519s] DEBUG:colcon.colcon_core.package_identification:Package 'src/autonomous_bicycle' with type 'ros.ament_python' and name 'autonomous_bicycle'
[0.519s] Level 1:colcon.colcon_core.package_discovery:discover_packages(recursive) using defaults
[0.519s] Level 1:colcon.colcon_core.package_discovery:discover_packages(ignore) discover
[0.519s] Level 1:colcon.colcon_core.package_discovery:discover_packages(ignore) using defaults
[0.519s] Level 1:colcon.colcon_core.package_discovery:discover_packages(path) discover
[0.519s] Level 1:colcon.colcon_core.package_discovery:discover_packages(path) using defaults
[0.555s] Level 1:colcon.colcon_core.package_discovery:discover_packages(prefix_path) check parameters
[0.555s] Level 1:colcon.colcon_core.package_discovery:discover_packages(prefix_path) discover
[0.564s] DEBUG:colcon.colcon_installed_package_information.package_discovery:Found 1 installed packages in /home/white/ros2_ws/install
[0.572s] DEBUG:colcon.colcon_installed_package_information.package_discovery:Found 312 installed packages in /home/white/ros2_foxy/install
[0.573s] Level 1:colcon.colcon_core.package_discovery:discover_packages(prefix_path) using defaults
[0.590s] Level 5:colcon.colcon_core.verb:set package 'autonomous_bicycle' build argument 'cmake_args' from command line to 'None'
[0.590s] Level 5:colcon.colcon_core.verb:set package 'autonomous_bicycle' build argument 'cmake_target' from command line to 'None'
[0.590s] Level 5:colcon.colcon_core.verb:set package 'autonomous_bicycle' build argument 'cmake_target_skip_unavailable' from command line to 'False'
[0.590s] Level 5:colcon.colcon_core.verb:set package 'autonomous_bicycle' build argument 'cmake_clean_cache' from command line to 'False'
[0.590s] Level 5:colcon.colcon_core.verb:set package 'autonomous_bicycle' build argument 'cmake_clean_first' from command line to 'False'
[0.590s] Level 5:colcon.colcon_core.verb:set package 'autonomous_bicycle' build argument 'cmake_force_configure' from command line to 'False'
[0.590s] Level 5:colcon.colcon_core.verb:set package 'autonomous_bicycle' build argument 'ament_cmake_args' from command line to 'None'
[0.590s] Level 5:colcon.colcon_core.verb:set package 'autonomous_bicycle' build argument 'catkin_cmake_args' from command line to 'None'
[0.590s] Level 5:colcon.colcon_core.verb:set package 'autonomous_bicycle' build argument 'catkin_skip_building_tests' from command line to 'False'
[0.590s] DEBUG:colcon.colcon_core.verb:Building package 'autonomous_bicycle' with the following arguments: {'ament_cmake_args': None, 'build_base': '/home/white/ros2_ws/build/autonomous_bicycle', 'catkin_cmake_args': None, 'catkin_skip_building_tests': False, 'cmake_args': None, 'cmake_clean_cache': False, 'cmake_clean_first': False, 'cmake_force_configure': False, 'cmake_target': None, 'cmake_target_skip_unavailable': False, 'install_base': '/home/white/ros2_ws/install/autonomous_bicycle', 'merge_install': False, 'path': '/home/white/ros2_ws/src/autonomous_bicycle', 'symlink_install': False, 'test_result_base': None}
[0.592s] INFO:colcon.colcon_core.executor:Executing jobs using 'parallel' executor
[0.600s] DEBUG:colcon.colcon_parallel_executor.executor.parallel:run_until_complete
[0.601s] INFO:colcon.colcon_ros.task.ament_python.build:Building ROS package in '/home/white/ros2_ws/src/autonomous_bicycle' with build type 'ament_python'
[0.601s] Level 1:colcon.colcon_core.shell:create_environment_hook('autonomous_bicycle', 'ament_prefix_path')
[0.610s] INFO:colcon.colcon_core.plugin_system:Skipping extension 'colcon_core.shell.bat': Not used on non-Windows systems
[0.610s] INFO:colcon.colcon_core.shell:Creating environment hook '/home/white/ros2_ws/install/autonomous_bicycle/share/autonomous_bicycle/hook/ament_prefix_path.ps1'
[0.611s] INFO:colcon.colcon_core.shell:Creating environment descriptor '/home/white/ros2_ws/install/autonomous_bicycle/share/autonomous_bicycle/hook/ament_prefix_path.dsv'
[0.611s] INFO:colcon.colcon_core.shell:Creating environment hook '/home/white/ros2_ws/install/autonomous_bicycle/share/autonomous_bicycle/hook/ament_prefix_path.sh'
[0.615s] INFO:colcon.colcon_core.shell:Skip shell extension 'powershell' for command environment: Not usable outside of PowerShell
[0.615s] DEBUG:colcon.colcon_core.shell:Skip shell extension 'dsv' for command environment
[1.153s] INFO:colcon.colcon_core.task.python.build:Building Python package in '/home/white/ros2_ws/src/autonomous_bicycle'
[1.157s] INFO:colcon.colcon_core.shell:Skip shell extension 'powershell' for command environment: Not usable outside of PowerShell
[1.157s] DEBUG:colcon.colcon_core.shell:Skip shell extension 'dsv' for command environment
[1.857s] DEBUG:colcon.colcon_core.event_handler.log_command:Invoking command in '/home/white/ros2_ws/build/autonomous_bicycle': PYTHONPATH=/home/white/ros2_ws/build/autonomous_bicycle/prefix_override:/home/white/ros2_ws/install/autonomous_bicycle/lib/python3.8/site-packages:${PYTHONPATH} /usr/bin/python3 setup.py develop --uninstall --editable --build-directory /home/white/ros2_ws/build/autonomous_bicycle/build
[2.546s] DEBUG:colcon.colcon_core.event_handler.log_command:Invoked command in '/home/white/ros2_ws/build/autonomous_bicycle' returned '0': PYTHONPATH=/home/white/ros2_ws/build/autonomous_bicycle/prefix_override:/home/white/ros2_ws/install/autonomous_bicycle/lib/python3.8/site-packages:${PYTHONPATH} /usr/bin/python3 setup.py develop --uninstall --editable --build-directory /home/white/ros2_ws/build/autonomous_bicycle/build
[2.549s] DEBUG:colcon.colcon_core.event_handler.log_command:Invoking command in '/home/white/ros2_ws/src/autonomous_bicycle': PYTHONPATH=/home/white/ros2_ws/build/autonomous_bicycle/prefix_override:/home/white/ros2_ws/install/autonomous_bicycle/lib/python3.8/site-packages:${PYTHONPATH} /usr/bin/python3 setup.py egg_info --egg-base ../../build/autonomous_bicycle build --build-base /home/white/ros2_ws/build/autonomous_bicycle/build install --record /home/white/ros2_ws/build/autonomous_bicycle/install.log --install-scripts $base/lib/autonomous_bicycle --single-version-externally-managed
[3.153s] DEBUG:colcon.colcon_core.event_handler.log_command:Invoked command in '/home/white/ros2_ws/src/autonomous_bicycle' returned '0': PYTHONPATH=/home/white/ros2_ws/build/autonomous_bicycle/prefix_override:/home/white/ros2_ws/install/autonomous_bicycle/lib/python3.8/site-packages:${PYTHONPATH} /usr/bin/python3 setup.py egg_info --egg-base ../../build/autonomous_bicycle build --build-base /home/white/ros2_ws/build/autonomous_bicycle/build install --record /home/white/ros2_ws/build/autonomous_bicycle/install.log --install-scripts $base/lib/autonomous_bicycle --single-version-externally-managed
[3.164s] Level 1:colcon.colcon_core.environment:checking '/home/white/ros2_ws/install/autonomous_bicycle' for CMake module files
[3.164s] Level 1:colcon.colcon_core.environment:checking '/home/white/ros2_ws/install/autonomous_bicycle' for CMake config files
[3.164s] Level 1:colcon.colcon_core.environment:checking '/home/white/ros2_ws/install/autonomous_bicycle/lib'
[3.164s] Level 1:colcon.colcon_core.environment:checking '/home/white/ros2_ws/install/autonomous_bicycle/bin'
[3.165s] Level 1:colcon.colcon_core.environment:checking '/home/white/ros2_ws/install/autonomous_bicycle/lib/pkgconfig/autonomous_bicycle.pc'
[3.165s] Level 1:colcon.colcon_core.environment:checking '/home/white/ros2_ws/install/autonomous_bicycle/lib/python3.8/site-packages'
[3.165s] Level 1:colcon.colcon_core.shell:create_environment_hook('autonomous_bicycle', 'pythonpath')
[3.168s] INFO:colcon.colcon_core.shell:Creating environment hook '/home/white/ros2_ws/install/autonomous_bicycle/share/autonomous_bicycle/hook/pythonpath.ps1'
[3.169s] INFO:colcon.colcon_core.shell:Creating environment descriptor '/home/white/ros2_ws/install/autonomous_bicycle/share/autonomous_bicycle/hook/pythonpath.dsv'
[3.169s] INFO:colcon.colcon_core.shell:Creating environment hook '/home/white/ros2_ws/install/autonomous_bicycle/share/autonomous_bicycle/hook/pythonpath.sh'
[3.169s] Level 1:colcon.colcon_core.environment:checking '/home/white/ros2_ws/install/autonomous_bicycle/bin'
[3.169s] Level 1:colcon.colcon_core.environment:create_environment_scripts_only(autonomous_bicycle)
[3.173s] INFO:colcon.colcon_core.shell:Creating package script '/home/white/ros2_ws/install/autonomous_bicycle/share/autonomous_bicycle/package.ps1'
[3.174s] INFO:colcon.colcon_core.shell:Creating package descriptor '/home/white/ros2_ws/install/autonomous_bicycle/share/autonomous_bicycle/package.dsv'
[3.174s] INFO:colcon.colcon_core.shell:Creating package script '/home/white/ros2_ws/install/autonomous_bicycle/share/autonomous_bicycle/package.sh'
[3.174s] INFO:colcon.colcon_core.shell:Creating package script '/home/white/ros2_ws/install/autonomous_bicycle/share/autonomous_bicycle/package.bash'
[3.175s] INFO:colcon.colcon_core.shell:Creating package script '/home/white/ros2_ws/install/autonomous_bicycle/share/autonomous_bicycle/package.zsh'
[3.175s] Level 1:colcon.colcon_core.environment:create_file_with_runtime_dependencies(/home/white/ros2_ws/install/autonomous_bicycle/share/colcon-core/packages/autonomous_bicycle)
[3.176s] DEBUG:colcon.colcon_parallel_executor.executor.parallel:closing loop
[3.176s] DEBUG:colcon.colcon_parallel_executor.executor.parallel:loop closed
[3.176s] DEBUG:colcon.colcon_parallel_executor.executor.parallel:run_until_complete finished with '0'
[3.176s] DEBUG:colcon.colcon_core.event_reactor:joining thread
[3.214s] INFO:colcon.colcon_core.plugin_system:Skipping extension 'colcon_notification.desktop_notification.notify_send': Could not find 'notify-send'
[3.214s] INFO:colcon.colcon_core.plugin_system:Skipping extension 'colcon_notification.desktop_notification.terminal_notifier': Not used on non-Darwin systems
[3.214s] INFO:colcon.colcon_core.plugin_system:Skipping extension 'colcon_notification.desktop_notification.win32': Not used on non-Windows systems
[3.215s] INFO:colcon.colcon_notification.desktop_notification:Sending desktop notification using 'notify2'
[3.740s] DEBUG:colcon.colcon_notification.desktop_notification.notify2:Failed to initialize notify2: org.freedesktop.DBus.Error.Spawn.ExecFailed: /usr/bin/dbus-launch terminated abnormally without any error message
