/home/white/ros2_ws/install/autonomous_bicycle/lib/python3.8/site-packages/autonomous_bicycle/main.py
/home/white/ros2_ws/install/autonomous_bicycle/lib/python3.8/site-packages/autonomous_bicycle/first_node.py
/home/white/ros2_ws/install/autonomous_bicycle/lib/python3.8/site-packages/autonomous_bicycle/node.py
/home/white/ros2_ws/install/autonomous_bicycle/lib/python3.8/site-packages/autonomous_bicycle/map.py
/home/white/ros2_ws/install/autonomous_bicycle/lib/python3.8/site-packages/autonomous_bicycle/dijsktra.py
/home/white/ros2_ws/install/autonomous_bicycle/lib/python3.8/site-packages/autonomous_bicycle/__init__.py
/home/white/ros2_ws/install/autonomous_bicycle/lib/python3.8/site-packages/autonomous_bicycle/backup.py
/home/white/ros2_ws/install/autonomous_bicycle/lib/python3.8/site-packages/autonomous_bicycle/__pycache__/main.cpython-38.pyc
/home/white/ros2_ws/install/autonomous_bicycle/lib/python3.8/site-packages/autonomous_bicycle/__pycache__/first_node.cpython-38.pyc
/home/white/ros2_ws/install/autonomous_bicycle/lib/python3.8/site-packages/autonomous_bicycle/__pycache__/node.cpython-38.pyc
/home/white/ros2_ws/install/autonomous_bicycle/lib/python3.8/site-packages/autonomous_bicycle/__pycache__/map.cpython-38.pyc
/home/white/ros2_ws/install/autonomous_bicycle/lib/python3.8/site-packages/autonomous_bicycle/__pycache__/dijsktra.cpython-38.pyc
/home/white/ros2_ws/install/autonomous_bicycle/lib/python3.8/site-packages/autonomous_bicycle/__pycache__/__init__.cpython-38.pyc
/home/white/ros2_ws/install/autonomous_bicycle/lib/python3.8/site-packages/autonomous_bicycle/__pycache__/backup.cpython-38.pyc
/home/white/ros2_ws/install/autonomous_bicycle/share/ament_index/resource_index/packages/autonomous_bicycle
/home/white/ros2_ws/install/autonomous_bicycle/share/autonomous_bicycle/package.xml
/home/white/ros2_ws/install/autonomous_bicycle/lib/python3.8/site-packages/autonomous_bicycle-0.0.0-py3.8.egg-info/top_level.txt
/home/white/ros2_ws/install/autonomous_bicycle/lib/python3.8/site-packages/autonomous_bicycle-0.0.0-py3.8.egg-info/dependency_links.txt
/home/white/ros2_ws/install/autonomous_bicycle/lib/python3.8/site-packages/autonomous_bicycle-0.0.0-py3.8.egg-info/entry_points.txt
/home/white/ros2_ws/install/autonomous_bicycle/lib/python3.8/site-packages/autonomous_bicycle-0.0.0-py3.8.egg-info/SOURCES.txt
/home/white/ros2_ws/install/autonomous_bicycle/lib/python3.8/site-packages/autonomous_bicycle-0.0.0-py3.8.egg-info/requires.txt
/home/white/ros2_ws/install/autonomous_bicycle/lib/python3.8/site-packages/autonomous_bicycle-0.0.0-py3.8.egg-info/PKG-INFO
/home/white/ros2_ws/install/autonomous_bicycle/lib/python3.8/site-packages/autonomous_bicycle-0.0.0-py3.8.egg-info/zip-safe
/home/white/ros2_ws/install/autonomous_bicycle/lib/autonomous_bicycle/bludny_holandan
