[1.197s] Invoking command in '/home/white/ros2_ws/build/autonomous_bicycle': PYTHONPATH=/home/white/ros2_ws/build/autonomous_bicycle/prefix_override:/home/white/ros2_ws/install/autonomous_bicycle/lib/python3.8/site-packages:${PYTHONPATH} /usr/bin/python3 setup.py develop --uninstall --editable --build-directory /home/white/ros2_ws/build/autonomous_bicycle/build
[1.705s] running develop
[1.840s] Removing /home/white/ros2_ws/install/autonomous_bicycle/lib/python3.8/site-packages/autonomous-bicycle.egg-link (link to .)
[1.861s] Invoked command in '/home/white/ros2_ws/build/autonomous_bicycle' returned '0': PYTHONPATH=/home/white/ros2_ws/build/autonomous_bicycle/prefix_override:/home/white/ros2_ws/install/autonomous_bicycle/lib/python3.8/site-packages:${PYTHONPATH} /usr/bin/python3 setup.py develop --uninstall --editable --build-directory /home/white/ros2_ws/build/autonomous_bicycle/build
[1.864s] Invoking command in '/home/white/ros2_ws/src/autonomous_bicycle': PYTHONPATH=/home/white/ros2_ws/build/autonomous_bicycle/prefix_override:/home/white/ros2_ws/install/autonomous_bicycle/lib/python3.8/site-packages:${PYTHONPATH} /usr/bin/python3 setup.py egg_info --egg-base ../../build/autonomous_bicycle build --build-base /home/white/ros2_ws/build/autonomous_bicycle/build install --record /home/white/ros2_ws/build/autonomous_bicycle/install.log --install-scripts $base/lib/autonomous_bicycle --single-version-externally-managed
[2.341s] running egg_info
[2.341s] writing ../../build/autonomous_bicycle/autonomous_bicycle.egg-info/PKG-INFO
[2.342s] writing dependency_links to ../../build/autonomous_bicycle/autonomous_bicycle.egg-info/dependency_links.txt
[2.342s] writing entry points to ../../build/autonomous_bicycle/autonomous_bicycle.egg-info/entry_points.txt
[2.342s] writing requirements to ../../build/autonomous_bicycle/autonomous_bicycle.egg-info/requires.txt
[2.342s] writing top-level names to ../../build/autonomous_bicycle/autonomous_bicycle.egg-info/top_level.txt
[2.374s] reading manifest file '../../build/autonomous_bicycle/autonomous_bicycle.egg-info/SOURCES.txt'
[2.375s] writing manifest file '../../build/autonomous_bicycle/autonomous_bicycle.egg-info/SOURCES.txt'
[2.375s] running build
[2.376s] running build_py
[2.376s] copying autonomous_bicycle/main.py -> /home/white/ros2_ws/build/autonomous_bicycle/build/lib/autonomous_bicycle
[2.376s] copying autonomous_bicycle/first_node.py -> /home/white/ros2_ws/build/autonomous_bicycle/build/lib/autonomous_bicycle
[2.376s] copying autonomous_bicycle/node.py -> /home/white/ros2_ws/build/autonomous_bicycle/build/lib/autonomous_bicycle
[2.376s] copying autonomous_bicycle/map.py -> /home/white/ros2_ws/build/autonomous_bicycle/build/lib/autonomous_bicycle
[2.376s] copying autonomous_bicycle/dijsktra.py -> /home/white/ros2_ws/build/autonomous_bicycle/build/lib/autonomous_bicycle
[2.376s] running install
[2.378s] running install_lib
[2.379s] creating /home/white/ros2_ws/install/autonomous_bicycle/lib/python3.8/site-packages/autonomous_bicycle
[2.379s] copying /home/white/ros2_ws/build/autonomous_bicycle/build/lib/autonomous_bicycle/main.py -> /home/white/ros2_ws/install/autonomous_bicycle/lib/python3.8/site-packages/autonomous_bicycle
[2.380s] copying /home/white/ros2_ws/build/autonomous_bicycle/build/lib/autonomous_bicycle/first_node.py -> /home/white/ros2_ws/install/autonomous_bicycle/lib/python3.8/site-packages/autonomous_bicycle
[2.380s] copying /home/white/ros2_ws/build/autonomous_bicycle/build/lib/autonomous_bicycle/node.py -> /home/white/ros2_ws/install/autonomous_bicycle/lib/python3.8/site-packages/autonomous_bicycle
[2.380s] copying /home/white/ros2_ws/build/autonomous_bicycle/build/lib/autonomous_bicycle/map.py -> /home/white/ros2_ws/install/autonomous_bicycle/lib/python3.8/site-packages/autonomous_bicycle
[2.380s] copying /home/white/ros2_ws/build/autonomous_bicycle/build/lib/autonomous_bicycle/dijsktra.py -> /home/white/ros2_ws/install/autonomous_bicycle/lib/python3.8/site-packages/autonomous_bicycle
[2.380s] copying /home/white/ros2_ws/build/autonomous_bicycle/build/lib/autonomous_bicycle/__init__.py -> /home/white/ros2_ws/install/autonomous_bicycle/lib/python3.8/site-packages/autonomous_bicycle
[2.381s] byte-compiling /home/white/ros2_ws/install/autonomous_bicycle/lib/python3.8/site-packages/autonomous_bicycle/main.py to main.cpython-38.pyc
[2.382s] byte-compiling /home/white/ros2_ws/install/autonomous_bicycle/lib/python3.8/site-packages/autonomous_bicycle/first_node.py to first_node.cpython-38.pyc
[2.382s] byte-compiling /home/white/ros2_ws/install/autonomous_bicycle/lib/python3.8/site-packages/autonomous_bicycle/node.py to node.cpython-38.pyc
[2.383s] byte-compiling /home/white/ros2_ws/install/autonomous_bicycle/lib/python3.8/site-packages/autonomous_bicycle/map.py to map.cpython-38.pyc
[2.383s] byte-compiling /home/white/ros2_ws/install/autonomous_bicycle/lib/python3.8/site-packages/autonomous_bicycle/dijsktra.py to dijsktra.cpython-38.pyc
[2.383s] byte-compiling /home/white/ros2_ws/install/autonomous_bicycle/lib/python3.8/site-packages/autonomous_bicycle/__init__.py to __init__.cpython-38.pyc
[2.383s] running install_data
[2.384s] running install_egg_info
[2.387s] Copying ../../build/autonomous_bicycle/autonomous_bicycle.egg-info to /home/white/ros2_ws/install/autonomous_bicycle/lib/python3.8/site-packages/autonomous_bicycle-0.0.0-py3.8.egg-info
[2.388s] running install_scripts
[2.408s] Installing test_node script to /home/white/ros2_ws/install/autonomous_bicycle/lib/autonomous_bicycle
[2.409s] writing list of installed files to '/home/white/ros2_ws/build/autonomous_bicycle/install.log'
[2.434s] Invoked command in '/home/white/ros2_ws/src/autonomous_bicycle' returned '0': PYTHONPATH=/home/white/ros2_ws/build/autonomous_bicycle/prefix_override:/home/white/ros2_ws/install/autonomous_bicycle/lib/python3.8/site-packages:${PYTHONPATH} /usr/bin/python3 setup.py egg_info --egg-base ../../build/autonomous_bicycle build --build-base /home/white/ros2_ws/build/autonomous_bicycle/build install --record /home/white/ros2_ws/build/autonomous_bicycle/install.log --install-scripts $base/lib/autonomous_bicycle --single-version-externally-managed
