[0.495s] DEBUG:colcon:Command line arguments: ['/usr/bin/colcon', 'build']
[0.495s] DEBUG:colcon:Parsed command line arguments: Namespace(allow_overriding=[], ament_cmake_args=None, base_paths=['.'], build_base='build', catkin_cmake_args=None, catkin_skip_building_tests=False, cmake_args=None, cmake_clean_cache=False, cmake_clean_first=False, cmake_force_configure=False, cmake_target=None, cmake_target_skip_unavailable=False, continue_on_error=False, event_handlers=None, executor='parallel', ignore_user_meta=False, install_base='install', log_base=None, log_level=None, main=<bound method BuildVerb.main of <colcon_core.verb.build.BuildVerb object at 0x7f2732f2ffd0>>, merge_install=False, metas=['./colcon.meta'], packages_above=None, packages_above_and_dependencies=None, packages_above_depth=None, packages_end=None, packages_ignore=None, packages_ignore_regex=None, packages_select=None, packages_select_build_failed=False, packages_select_by_dep=None, packages_select_regex=None, packages_select_test_failures=False, packages_skip=None, packages_skip_build_finished=False, packages_skip_by_dep=None, packages_skip_regex=None, packages_skip_test_passed=False, packages_skip_up_to=None, packages_start=None, packages_up_to=None, packages_up_to_regex=None, parallel_workers=16, paths=None, symlink_install=False, test_result_base=None, verb_extension=<colcon_core.verb.build.BuildVerb object at 0x7f2732f2ffd0>, verb_name='build', verb_parser=<colcon_defaults.argument_parser.defaults.DefaultArgumentsDecorator object at 0x7f2732f3a520>)
[0.556s] Level 1:colcon.colcon_core.package_discovery:discover_packages(colcon_meta) check parameters
[0.556s] Level 1:colcon.colcon_core.package_discovery:discover_packages(recursive) check parameters
[0.556s] Level 1:colcon.colcon_core.package_discovery:discover_packages(ignore) check parameters
[0.556s] Level 1:colcon.colcon_core.package_discovery:discover_packages(path) check parameters
[0.556s] Level 1:colcon.colcon_core.package_discovery:discover_packages(colcon_meta) discover
[0.556s] Level 1:colcon.colcon_core.package_discovery:discover_packages(recursive) discover
[0.556s] INFO:colcon.colcon_core.package_discovery:Crawling recursively for packages in '/home/white/ros2_ws/src/autonomous_bicycle'
[0.556s] Level 1:colcon.colcon_core.package_identification:_identify(.) by extensions ['ignore', 'ignore_ament_install']
[0.557s] Level 1:colcon.colcon_core.package_identification:_identify(.) by extension 'ignore'
[0.557s] Level 1:colcon.colcon_core.package_identification:_identify(.) by extension 'ignore_ament_install'
[0.557s] Level 1:colcon.colcon_core.package_identification:_identify(.) by extensions ['colcon_pkg']
[0.557s] Level 1:colcon.colcon_core.package_identification:_identify(.) by extension 'colcon_pkg'
[0.557s] Level 1:colcon.colcon_core.package_identification:_identify(.) by extensions ['colcon_meta']
[0.557s] Level 1:colcon.colcon_core.package_identification:_identify(.) by extension 'colcon_meta'
[0.557s] Level 1:colcon.colcon_core.package_identification:_identify(.) by extensions ['ros']
[0.557s] Level 1:colcon.colcon_core.package_identification:_identify(.) by extension 'ros'
[0.572s] DEBUG:colcon.colcon_core.package_identification:Package '.' with type 'ros.ament_python' and name 'autonomous_bicycle'
[0.572s] Level 1:colcon.colcon_core.package_discovery:discover_packages(recursive) using defaults
[0.572s] Level 1:colcon.colcon_core.package_discovery:discover_packages(ignore) discover
[0.572s] Level 1:colcon.colcon_core.package_discovery:discover_packages(ignore) using defaults
[0.572s] Level 1:colcon.colcon_core.package_discovery:discover_packages(path) discover
[0.572s] Level 1:colcon.colcon_core.package_discovery:discover_packages(path) using defaults
[0.615s] Level 1:colcon.colcon_core.package_discovery:discover_packages(prefix_path) check parameters
[0.615s] Level 1:colcon.colcon_core.package_discovery:discover_packages(prefix_path) discover
[0.627s] DEBUG:colcon.colcon_installed_package_information.package_discovery:Found 1 installed packages in /home/white/ros2_ws/install
[0.634s] DEBUG:colcon.colcon_installed_package_information.package_discovery:Found 312 installed packages in /home/white/ros2_foxy/install
[0.636s] Level 1:colcon.colcon_core.package_discovery:discover_packages(prefix_path) using defaults
[0.843s] Level 5:colcon.colcon_core.verb:set package 'autonomous_bicycle' build argument 'cmake_args' from command line to 'None'
[0.843s] Level 5:colcon.colcon_core.verb:set package 'autonomous_bicycle' build argument 'cmake_target' from command line to 'None'
[0.843s] Level 5:colcon.colcon_core.verb:set package 'autonomous_bicycle' build argument 'cmake_target_skip_unavailable' from command line to 'False'
[0.843s] Level 5:colcon.colcon_core.verb:set package 'autonomous_bicycle' build argument 'cmake_clean_cache' from command line to 'False'
[0.843s] Level 5:colcon.colcon_core.verb:set package 'autonomous_bicycle' build argument 'cmake_clean_first' from command line to 'False'
[0.843s] Level 5:colcon.colcon_core.verb:set package 'autonomous_bicycle' build argument 'cmake_force_configure' from command line to 'False'
[0.843s] Level 5:colcon.colcon_core.verb:set package 'autonomous_bicycle' build argument 'ament_cmake_args' from command line to 'None'
[0.843s] Level 5:colcon.colcon_core.verb:set package 'autonomous_bicycle' build argument 'catkin_cmake_args' from command line to 'None'
[0.843s] Level 5:colcon.colcon_core.verb:set package 'autonomous_bicycle' build argument 'catkin_skip_building_tests' from command line to 'False'
[0.843s] DEBUG:colcon.colcon_core.verb:Building package 'autonomous_bicycle' with the following arguments: {'ament_cmake_args': None, 'build_base': '/home/white/ros2_ws/src/autonomous_bicycle/build/autonomous_bicycle', 'catkin_cmake_args': None, 'catkin_skip_building_tests': False, 'cmake_args': None, 'cmake_clean_cache': False, 'cmake_clean_first': False, 'cmake_force_configure': False, 'cmake_target': None, 'cmake_target_skip_unavailable': False, 'install_base': '/home/white/ros2_ws/src/autonomous_bicycle/install/autonomous_bicycle', 'merge_install': False, 'path': '/home/white/ros2_ws/src/autonomous_bicycle', 'symlink_install': False, 'test_result_base': None}
[0.845s] INFO:colcon.colcon_core.executor:Executing jobs using 'parallel' executor
[0.853s] DEBUG:colcon.colcon_parallel_executor.executor.parallel:run_until_complete
[0.853s] INFO:colcon.colcon_ros.task.ament_python.build:Building ROS package in '/home/white/ros2_ws/src/autonomous_bicycle' with build type 'ament_python'
[0.853s] Level 1:colcon.colcon_core.shell:create_environment_hook('autonomous_bicycle', 'ament_prefix_path')
[0.868s] INFO:colcon.colcon_core.plugin_system:Skipping extension 'colcon_core.shell.bat': Not used on non-Windows systems
[0.868s] INFO:colcon.colcon_core.shell:Creating environment hook '/home/white/ros2_ws/src/autonomous_bicycle/install/autonomous_bicycle/share/autonomous_bicycle/hook/ament_prefix_path.ps1'
[0.869s] INFO:colcon.colcon_core.shell:Creating environment descriptor '/home/white/ros2_ws/src/autonomous_bicycle/install/autonomous_bicycle/share/autonomous_bicycle/hook/ament_prefix_path.dsv'
[0.871s] INFO:colcon.colcon_core.shell:Creating environment hook '/home/white/ros2_ws/src/autonomous_bicycle/install/autonomous_bicycle/share/autonomous_bicycle/hook/ament_prefix_path.sh'
[0.875s] INFO:colcon.colcon_core.shell:Skip shell extension 'powershell' for command environment: Not usable outside of PowerShell
[0.875s] DEBUG:colcon.colcon_core.shell:Skip shell extension 'dsv' for command environment
[1.397s] INFO:colcon.colcon_core.task.python.build:Building Python package in '/home/white/ros2_ws/src/autonomous_bicycle'
[1.401s] INFO:colcon.colcon_core.shell:Skip shell extension 'powershell' for command environment: Not usable outside of PowerShell
[1.401s] DEBUG:colcon.colcon_core.shell:Skip shell extension 'dsv' for command environment
[2.141s] DEBUG:colcon.colcon_core.event_handler.log_command:Invoking command in '/home/white/ros2_ws/src/autonomous_bicycle': PYTHONPATH=/home/white/ros2_ws/src/autonomous_bicycle/build/autonomous_bicycle/prefix_override:/home/white/ros2_ws/src/autonomous_bicycle/install/autonomous_bicycle/lib/python3.8/site-packages:${PYTHONPATH} /usr/bin/python3 setup.py egg_info --egg-base build/autonomous_bicycle build --build-base /home/white/ros2_ws/src/autonomous_bicycle/build/autonomous_bicycle/build install --record /home/white/ros2_ws/src/autonomous_bicycle/build/autonomous_bicycle/install.log --install-scripts $base/lib/autonomous_bicycle --single-version-externally-managed
[2.717s] DEBUG:colcon.colcon_core.event_handler.log_command:Invoked command in '/home/white/ros2_ws/src/autonomous_bicycle' returned '0': PYTHONPATH=/home/white/ros2_ws/src/autonomous_bicycle/build/autonomous_bicycle/prefix_override:/home/white/ros2_ws/src/autonomous_bicycle/install/autonomous_bicycle/lib/python3.8/site-packages:${PYTHONPATH} /usr/bin/python3 setup.py egg_info --egg-base build/autonomous_bicycle build --build-base /home/white/ros2_ws/src/autonomous_bicycle/build/autonomous_bicycle/build install --record /home/white/ros2_ws/src/autonomous_bicycle/build/autonomous_bicycle/install.log --install-scripts $base/lib/autonomous_bicycle --single-version-externally-managed
[2.734s] Level 1:colcon.colcon_core.environment:checking '/home/white/ros2_ws/src/autonomous_bicycle/install/autonomous_bicycle' for CMake module files
[2.734s] Level 1:colcon.colcon_core.environment:checking '/home/white/ros2_ws/src/autonomous_bicycle/install/autonomous_bicycle' for CMake config files
[2.735s] Level 1:colcon.colcon_core.environment:checking '/home/white/ros2_ws/src/autonomous_bicycle/install/autonomous_bicycle/lib'
[2.735s] Level 1:colcon.colcon_core.environment:checking '/home/white/ros2_ws/src/autonomous_bicycle/install/autonomous_bicycle/bin'
[2.735s] Level 1:colcon.colcon_core.environment:checking '/home/white/ros2_ws/src/autonomous_bicycle/install/autonomous_bicycle/lib/pkgconfig/autonomous_bicycle.pc'
[2.735s] Level 1:colcon.colcon_core.environment:checking '/home/white/ros2_ws/src/autonomous_bicycle/install/autonomous_bicycle/lib/python3.8/site-packages'
[2.735s] Level 1:colcon.colcon_core.shell:create_environment_hook('autonomous_bicycle', 'pythonpath')
[2.738s] INFO:colcon.colcon_core.shell:Creating environment hook '/home/white/ros2_ws/src/autonomous_bicycle/install/autonomous_bicycle/share/autonomous_bicycle/hook/pythonpath.ps1'
[2.739s] INFO:colcon.colcon_core.shell:Creating environment descriptor '/home/white/ros2_ws/src/autonomous_bicycle/install/autonomous_bicycle/share/autonomous_bicycle/hook/pythonpath.dsv'
[2.739s] INFO:colcon.colcon_core.shell:Creating environment hook '/home/white/ros2_ws/src/autonomous_bicycle/install/autonomous_bicycle/share/autonomous_bicycle/hook/pythonpath.sh'
[2.739s] Level 1:colcon.colcon_core.environment:checking '/home/white/ros2_ws/src/autonomous_bicycle/install/autonomous_bicycle/bin'
[2.739s] Level 1:colcon.colcon_core.environment:create_environment_scripts_only(autonomous_bicycle)
[2.743s] INFO:colcon.colcon_core.shell:Creating package script '/home/white/ros2_ws/src/autonomous_bicycle/install/autonomous_bicycle/share/autonomous_bicycle/package.ps1'
[2.744s] INFO:colcon.colcon_core.shell:Creating package descriptor '/home/white/ros2_ws/src/autonomous_bicycle/install/autonomous_bicycle/share/autonomous_bicycle/package.dsv'
[2.745s] INFO:colcon.colcon_core.shell:Creating package script '/home/white/ros2_ws/src/autonomous_bicycle/install/autonomous_bicycle/share/autonomous_bicycle/package.sh'
[2.745s] INFO:colcon.colcon_core.shell:Creating package script '/home/white/ros2_ws/src/autonomous_bicycle/install/autonomous_bicycle/share/autonomous_bicycle/package.bash'
[2.746s] INFO:colcon.colcon_core.shell:Creating package script '/home/white/ros2_ws/src/autonomous_bicycle/install/autonomous_bicycle/share/autonomous_bicycle/package.zsh'
[2.747s] Level 1:colcon.colcon_core.environment:create_file_with_runtime_dependencies(/home/white/ros2_ws/src/autonomous_bicycle/install/autonomous_bicycle/share/colcon-core/packages/autonomous_bicycle)
[2.748s] DEBUG:colcon.colcon_parallel_executor.executor.parallel:closing loop
[2.748s] DEBUG:colcon.colcon_parallel_executor.executor.parallel:loop closed
[2.748s] DEBUG:colcon.colcon_parallel_executor.executor.parallel:run_until_complete finished with '0'
[2.748s] DEBUG:colcon.colcon_core.event_reactor:joining thread
[2.791s] INFO:colcon.colcon_core.plugin_system:Skipping extension 'colcon_notification.desktop_notification.notify_send': Could not find 'notify-send'
[2.791s] INFO:colcon.colcon_core.plugin_system:Skipping extension 'colcon_notification.desktop_notification.terminal_notifier': Not used on non-Darwin systems
[2.791s] INFO:colcon.colcon_core.plugin_system:Skipping extension 'colcon_notification.desktop_notification.win32': Not used on non-Windows systems
[2.791s] INFO:colcon.colcon_notification.desktop_notification:Sending desktop notification using 'notify2'
[17.953s] DEBUG:colcon.colcon_notification.desktop_notification.notify2:Failed to initialize notify2: org.freedesktop.DBus.Error.Spawn.ExecFailed: /usr/bin/dbus-launch terminated abnormally without any error message
