running egg_info
creating build/autonomous_bicycle/autonomous_bicycle.egg-info
writing build/autonomous_bicycle/autonomous_bicycle.egg-info/PKG-INFO
writing dependency_links to build/autonomous_bicycle/autonomous_bicycle.egg-info/dependency_links.txt
writing entry points to build/autonomous_bicycle/autonomous_bicycle.egg-info/entry_points.txt
writing requirements to build/autonomous_bicycle/autonomous_bicycle.egg-info/requires.txt
writing top-level names to build/autonomous_bicycle/autonomous_bicycle.egg-info/top_level.txt
writing manifest file 'build/autonomous_bicycle/autonomous_bicycle.egg-info/SOURCES.txt'
reading manifest file 'build/autonomous_bicycle/autonomous_bicycle.egg-info/SOURCES.txt'
writing manifest file 'build/autonomous_bicycle/autonomous_bicycle.egg-info/SOURCES.txt'
running build
running build_py
creating /home/white/ros2_ws/src/autonomous_bicycle/build/autonomous_bicycle/build
creating /home/white/ros2_ws/src/autonomous_bicycle/build/autonomous_bicycle/build/lib
creating /home/white/ros2_ws/src/autonomous_bicycle/build/autonomous_bicycle/build/lib/autonomous_bicycle
copying autonomous_bicycle/test_node.py -> /home/white/ros2_ws/src/autonomous_bicycle/build/autonomous_bicycle/build/lib/autonomous_bicycle
copying autonomous_bicycle/__init__.py -> /home/white/ros2_ws/src/autonomous_bicycle/build/autonomous_bicycle/build/lib/autonomous_bicycle
running install
running install_lib
creating /home/white/ros2_ws/src/autonomous_bicycle/install/autonomous_bicycle/lib/python3.8/site-packages/autonomous_bicycle
copying /home/white/ros2_ws/src/autonomous_bicycle/build/autonomous_bicycle/build/lib/autonomous_bicycle/test_node.py -> /home/white/ros2_ws/src/autonomous_bicycle/install/autonomous_bicycle/lib/python3.8/site-packages/autonomous_bicycle
copying /home/white/ros2_ws/src/autonomous_bicycle/build/autonomous_bicycle/build/lib/autonomous_bicycle/__init__.py -> /home/white/ros2_ws/src/autonomous_bicycle/install/autonomous_bicycle/lib/python3.8/site-packages/autonomous_bicycle
byte-compiling /home/white/ros2_ws/src/autonomous_bicycle/install/autonomous_bicycle/lib/python3.8/site-packages/autonomous_bicycle/test_node.py to test_node.cpython-38.pyc
byte-compiling /home/white/ros2_ws/src/autonomous_bicycle/install/autonomous_bicycle/lib/python3.8/site-packages/autonomous_bicycle/__init__.py to __init__.cpython-38.pyc
running install_data
creating /home/white/ros2_ws/src/autonomous_bicycle/install/autonomous_bicycle/share/ament_index
creating /home/white/ros2_ws/src/autonomous_bicycle/install/autonomous_bicycle/share/ament_index/resource_index
creating /home/white/ros2_ws/src/autonomous_bicycle/install/autonomous_bicycle/share/ament_index/resource_index/packages
copying resource/autonomous_bicycle -> /home/white/ros2_ws/src/autonomous_bicycle/install/autonomous_bicycle/share/ament_index/resource_index/packages
copying package.xml -> /home/white/ros2_ws/src/autonomous_bicycle/install/autonomous_bicycle/share/autonomous_bicycle
running install_egg_info
Copying build/autonomous_bicycle/autonomous_bicycle.egg-info to /home/white/ros2_ws/src/autonomous_bicycle/install/autonomous_bicycle/lib/python3.8/site-packages/autonomous_bicycle-0.0.0-py3.8.egg-info
running install_scripts
Installing test_node script to /home/white/ros2_ws/src/autonomous_bicycle/install/autonomous_bicycle/lib/autonomous_bicycle
writing list of installed files to '/home/white/ros2_ws/src/autonomous_bicycle/build/autonomous_bicycle/install.log'
